Jul-17 15:00:19.270 [main] DEBUG nextflow.cli.Launcher - $> nextflow run main.nf --normal_tumor
Jul-17 15:00:19.339 [main] DEBUG nextflow.cli.CmdRun - N E X T F L O W  ~  version 24.04.2
Jul-17 15:00:19.367 [main] DEBUG nextflow.plugin.PluginsFacade - Setting up plugin manager > mode=prod; embedded=false; plugins-dir=/home/ale/.nextflow/plugins; core-plugins: nf-amazon@2.5.2,nf-azure@1.6.0,nf-cloudcache@0.4.1,nf-codecommit@0.2.0,nf-console@1.1.3,nf-ga4gh@1.3.0,nf-google@1.13.2,nf-tower@1.9.1,nf-wave@1.4.2
Jul-17 15:00:19.378 [main] INFO  o.pf4j.DefaultPluginStatusProvider - Enabled plugins: []
Jul-17 15:00:19.379 [main] INFO  o.pf4j.DefaultPluginStatusProvider - Disabled plugins: []
Jul-17 15:00:19.382 [main] INFO  org.pf4j.DefaultPluginManager - PF4J version 3.10.0 in 'deployment' mode
Jul-17 15:00:19.397 [main] INFO  org.pf4j.AbstractPluginManager - No plugins
Jul-17 15:00:19.449 [main] DEBUG n.secret.LocalSecretsProvider - Secrets store: /home/ale/.nextflow/secrets/store.json
Jul-17 15:00:19.461 [main] DEBUG nextflow.secret.SecretsLoader - Discovered secrets providers: [nextflow.secret.LocalSecretsProvider@78c7f9b3] - activable => nextflow.secret.LocalSecretsProvider@78c7f9b3
Jul-17 15:00:19.508 [main] DEBUG nextflow.cli.CmdRun - Applied DSL=2 by global default
Jul-17 15:00:19.522 [main] DEBUG nextflow.cli.CmdRun - Launching `main.nf` [big_easley] DSL2 - revision: a832643b46
Jul-17 15:00:19.523 [main] DEBUG nextflow.plugin.PluginsFacade - Plugins default=[]
Jul-17 15:00:19.524 [main] DEBUG nextflow.plugin.PluginsFacade - Plugins resolved requirement=[]
Jul-17 15:00:19.585 [main] DEBUG nextflow.Session - Session UUID: 6338dbef-aea8-4035-861a-8d3a3808dd14
Jul-17 15:00:19.586 [main] DEBUG nextflow.Session - Run name: big_easley
Jul-17 15:00:19.586 [main] DEBUG nextflow.Session - Executor pool size: 12
Jul-17 15:00:19.596 [main] DEBUG nextflow.file.FilePorter - File porter settings maxRetries=3; maxTransfers=50; pollTimeout=null
Jul-17 15:00:19.624 [main] DEBUG nextflow.cli.CmdRun - 
  Version: 24.04.2 build 5914
  Created: 29-05-2024 06:19 UTC (08:19 CEST)
  System: Linux 5.15.153.1-microsoft-standard-WSL2
  Runtime: Groovy 4.0.21 on OpenJDK 64-Bit Server VM 21-internal-adhoc.conda.src
  Encoding: UTF-8 (UTF-8)
  Process: 246490@Ale [127.0.1.1]
  CPUs: 12 - Mem: 15.5 GB (12.6 GB) - Swap: 4 GB (4 GB) - Virtual threads ON
Jul-17 15:00:19.650 [main] DEBUG nextflow.Session - Work-dir: /mnt/wsl/test/modules/work [tmpfs]
Jul-17 15:00:19.650 [main] DEBUG nextflow.Session - Script base path does not exist or is not a directory: /mnt/wsl/test/modules/bin
Jul-17 15:00:19.667 [main] DEBUG nextflow.executor.ExecutorFactory - Extension executors providers=[]
Jul-17 15:00:19.679 [main] DEBUG nextflow.Session - Observer factory: DefaultObserverFactory
Jul-17 15:00:19.711 [main] DEBUG nextflow.cache.CacheFactory - Using Nextflow cache factory: nextflow.cache.DefaultCacheFactory
Jul-17 15:00:19.719 [main] DEBUG nextflow.util.CustomPoolFactory - Creating virtual thread pool
Jul-17 15:00:19.783 [main] DEBUG nextflow.Session - Session start
Jul-17 15:00:20.372 [main] DEBUG nextflow.script.ScriptRunner - > Launching execution
Jul-17 15:00:20.517 [main] DEBUG nextflow.Session - Workflow process names [dsl2]: 
Jul-17 15:00:20.518 [main] DEBUG nextflow.Session - Igniting dataflow network (1)
Jul-17 15:00:20.526 [main] DEBUG nextflow.script.ScriptRunner - Parsed script files:
  Script_94617b1c3bfc7c34: /mnt/wsl/test/modules/main.nf
Jul-17 15:00:20.527 [main] DEBUG nextflow.script.ScriptRunner - > Awaiting termination 
Jul-17 15:00:20.527 [main] DEBUG nextflow.Session - Session await
Jul-17 15:00:20.527 [main] DEBUG nextflow.Session - Session await > all processes finished
Jul-17 15:00:20.527 [main] DEBUG nextflow.Session - Session await > all barriers passed
Jul-17 15:00:20.529 [Actor Thread 5] ERROR nextflow.extension.DataflowHelper - @unknown
java.nio.file.NoSuchFileException: /mnt/wsl/test/modules/spreadsheet.csv
	at java.base/sun.nio.fs.UnixException.translateToIOException(UnixException.java:92)
	at java.base/sun.nio.fs.UnixException.rethrowAsIOException(UnixException.java:106)
	at java.base/sun.nio.fs.UnixException.rethrowAsIOException(UnixException.java:111)
	at java.base/sun.nio.fs.UnixFileSystemProvider.newByteChannel(UnixFileSystemProvider.java:261)
	at java.base/java.nio.file.Files.newByteChannel(Files.java:379)
	at java.base/java.nio.file.Files.newByteChannel(Files.java:431)
	at java.base/java.nio.file.spi.FileSystemProvider.newInputStream(FileSystemProvider.java:420)
	at java.base/java.nio.file.Files.newInputStream(Files.java:159)
	at nextflow.splitter.AbstractSplitter.newInputStream(AbstractSplitter.groovy:453)
	at nextflow.splitter.AbstractTextSplitter.newReader(AbstractTextSplitter.groovy:152)
	at nextflow.splitter.AbstractTextSplitter.normalizeSource0(AbstractTextSplitter.groovy:130)
	at nextflow.splitter.AbstractTextSplitter.normalizeSource(AbstractTextSplitter.groovy:112)
	at nextflow.splitter.AbstractTextSplitter.normalizeSource(AbstractTextSplitter.groovy)
	at nextflow.splitter.AbstractSplitter.apply(AbstractSplitter.groovy:153)
	at nextflow.extension.SplitOp$_applySplittingOperator_closure1.doCall(SplitOp.groovy:190)
	at java.base/jdk.internal.reflect.DirectMethodHandleAccessor.invoke(DirectMethodHandleAccessor.java:103)
	at java.base/java.lang.reflect.Method.invoke(Method.java:580)
	at org.codehaus.groovy.reflection.CachedMethod.invoke(CachedMethod.java:343)
	at groovy.lang.MetaMethod.doMethodInvoke(MetaMethod.java:328)
	at org.codehaus.groovy.runtime.metaclass.ClosureMetaClass.invokeMethod(ClosureMetaClass.java:279)
	at groovy.lang.MetaClassImpl.invokeMethod(MetaClassImpl.java:1007)
	at org.codehaus.groovy.vmplugin.v8.IndyInterface.fromCache(IndyInterface.java:321)
	at nextflow.extension.DataflowHelper$_subscribeImpl_closure2.doCall(DataflowHelper.groovy:287)
	at java.base/jdk.internal.reflect.DirectMethodHandleAccessor.invoke(DirectMethodHandleAccessor.java:103)
	at java.base/java.lang.reflect.Method.invoke(Method.java:580)
	at org.codehaus.groovy.reflection.CachedMethod.invoke(CachedMethod.java:343)
	at groovy.lang.MetaMethod.doMethodInvoke(MetaMethod.java:328)
	at org.codehaus.groovy.runtime.metaclass.ClosureMetaClass.invokeMethod(ClosureMetaClass.java:279)
	at groovy.lang.MetaClassImpl.invokeMethod(MetaClassImpl.java:1007)
	at groovy.lang.Closure.call(Closure.java:433)
	at groovyx.gpars.dataflow.operator.DataflowOperatorActor.startTask(DataflowOperatorActor.java:120)
	at groovyx.gpars.dataflow.operator.DataflowOperatorActor.onMessage(DataflowOperatorActor.java:108)
	at groovyx.gpars.actor.impl.SDAClosure$1.call(SDAClosure.java:43)
	at groovyx.gpars.actor.AbstractLoopingActor.runEnhancedWithoutRepliesOnMessages(AbstractLoopingActor.java:293)
	at groovyx.gpars.actor.AbstractLoopingActor.access$400(AbstractLoopingActor.java:30)
	at groovyx.gpars.actor.AbstractLoopingActor$1.handleMessage(AbstractLoopingActor.java:93)
	at groovyx.gpars.util.AsyncMessagingCore.run(AsyncMessagingCore.java:132)
	at java.base/java.util.concurrent.ThreadPerTaskExecutor$TaskRunner.run(ThreadPerTaskExecutor.java:314)
	at java.base/java.lang.Thread.run(Thread.java:1583)
Jul-17 15:00:20.540 [Actor Thread 5] DEBUG nextflow.Session - Session aborted -- Cause: /mnt/wsl/test/modules/spreadsheet.csv
Jul-17 15:00:20.570 [Actor Thread 5] DEBUG nextflow.Session - The following nodes are still active:
  [operator] splitCsv
  [operator] toList
  [operator] flatMap
  [operator] view

Jul-17 15:00:20.587 [main] DEBUG n.trace.WorkflowStatsObserver - Workflow completed > WorkflowStats[succeededCount=0; failedCount=0; ignoredCount=0; cachedCount=0; pendingCount=0; submittedCount=0; runningCount=0; retriesCount=0; abortedCount=0; succeedDuration=0ms; failedDuration=0ms; cachedDuration=0ms;loadCpus=0; loadMemory=0; peakRunning=0; peakCpus=0; peakMemory=0; ]
Jul-17 15:00:20.599 [main] DEBUG nextflow.cache.CacheDB - Closing CacheDB done
Jul-17 15:00:20.623 [main] DEBUG nextflow.script.ScriptRunner - > Execution complete -- Goodbye
